[2025-10-05 18:09:07,000] 23 root - INFO - Entered the data ingestion method or component
[2025-10-05 18:09:07,045] 27 root - INFO - Read the dataset as dataframe
[2025-10-05 18:09:07,051] 39 root - INFO - Train test split initiated
[2025-10-05 18:09:07,061] 45 root - INFO - Ingestion of the data is completed
[2025-10-05 18:09:07,104] 175 root - INFO - Read train and test data completed
[2025-10-05 18:09:07,108] 189 root - INFO - Applying preprocessing on train and test data
[2025-10-05 18:09:07,142] 197 root - INFO - Saving preprocessing object
[2025-10-05 18:09:07,144] 39 root - INFO - Splitting train/test arrays
[2025-10-05 18:09:07,144] 112 root - INFO - Running GridSearchCV for LogisticRegression
[2025-10-05 18:09:12,644] 126 root - INFO - LogisticRegression CV Accuracy: 0.7922 ± 0.0237
[2025-10-05 18:09:12,653] 142 root - INFO - LogisticRegression Test Accuracy: 0.7877, Precision: 0.7432, Recall: 0.7432, F1: 0.7432, ROC-AUC: 0.8513513513513513
[2025-10-05 18:09:12,653] 112 root - INFO - Running GridSearchCV for DecisionTree
[2025-10-05 18:09:12,831] 126 root - INFO - DecisionTree CV Accuracy: 0.7753 ± 0.0258
[2025-10-05 18:09:12,836] 142 root - INFO - DecisionTree Test Accuracy: 0.7821, Precision: 0.7160, Recall: 0.7838, F1: 0.7484, ROC-AUC: 0.8327541827541827
[2025-10-05 18:09:12,836] 112 root - INFO - Running GridSearchCV for RandomForest
[2025-10-05 18:09:23,752] 126 root - INFO - RandomForest CV Accuracy: 0.7879 ± 0.0354
[2025-10-05 18:09:23,777] 142 root - INFO - RandomForest Test Accuracy: 0.7989, Precision: 0.7794, Recall: 0.7162, F1: 0.7465, ROC-AUC: 0.8734877734877735
[2025-10-05 18:09:23,777] 112 root - INFO - Running GridSearchCV for GradientBoosting
[2025-10-05 18:09:33,834] 126 root - INFO - GradientBoosting CV Accuracy: 0.8005 ± 0.0244
[2025-10-05 18:09:33,841] 142 root - INFO - GradientBoosting Test Accuracy: 0.7989, Precision: 0.7714, Recall: 0.7297, F1: 0.7500, ROC-AUC: 0.8555984555984556
[2025-10-05 18:09:33,842] 112 root - INFO - Running GridSearchCV for SVC
[2025-10-05 18:09:34,583] 126 root - INFO - SVC CV Accuracy: 0.7908 ± 0.0241
[2025-10-05 18:09:34,600] 142 root - INFO - SVC Test Accuracy: 0.7877, Precision: 0.7500, Recall: 0.7297, F1: 0.7397, ROC-AUC: 0.8256113256113257
[2025-10-05 18:09:34,600] 112 root - INFO - Running GridSearchCV for KNN
[2025-10-05 18:09:39,037] 126 root - INFO - KNN CV Accuracy: 0.7795 ± 0.0221
[2025-10-05 18:09:39,051] 142 root - INFO - KNN Test Accuracy: 0.7765, Precision: 0.7576, Recall: 0.6757, F1: 0.7143, ROC-AUC: 0.842921492921493
[2025-10-05 18:09:39,052] 112 root - INFO - Running GridSearchCV for XGBoost
[2025-10-05 18:09:41,121] 126 root - INFO - XGBoost CV Accuracy: 0.8020 ± 0.0475
[2025-10-05 18:09:41,141] 142 root - INFO - XGBoost Test Accuracy: 0.7989, Precision: 0.7794, Recall: 0.7162, F1: 0.7465, ROC-AUC: 0.8725225225225225
[2025-10-05 18:09:41,161] 166 root - INFO - Best overall model: RandomForest with Test Accuracy 0.7989
